Compiling the C compiler identification source file "CMakeCCompilerId.c" failed.
Compiler: /Applications/Xcode.app/Contents/Developer/Toolchains/XcodeDefault.xctoolchain/usr/bin/cc 
Build flags: 
Id flags:  

The output was:
1
ld: library 'System' not found
cc: error: linker command failed with exit code 1 (use -v to see invocation)


Compiling the CXX compiler identification source file "CMakeCXXCompilerId.cpp" failed.
Compiler: /Applications/Xcode.app/Contents/Developer/Toolchains/XcodeDefault.xctoolchain/usr/bin/c++ 
Build flags: 
Id flags:  

The output was:
1
ld: library 'c++' not found
c++: error: linker command failed with exit code 1 (use -v to see invocation)


Performing C++ SOURCE FILE Test HAVE_ISO_STRDUP failed with the following output:
Change Dir: /Users/zhoujf/TagLib/build-xcframework/x86_64/CMakeFiles/CMakeTmp

Run Build Command(s):/usr/bin/make -f Makefile cmTC_139ac/fast && /Applications/Xcode.app/Contents/Developer/usr/bin/make  -f CMakeFiles/cmTC_139ac.dir/build.make CMakeFiles/cmTC_139ac.dir/build
Building CXX object CMakeFiles/cmTC_139ac.dir/src.cxx.o
/Applications/Xcode.app/Contents/Developer/Toolchains/XcodeDefault.xctoolchain/usr/bin/c++ -DHAVE_ISO_STRDUP  -Wall  -arch x86_64 -isysroot /Applications/Xcode.app/Contents/Developer/Platforms/MacOSX.platform/Developer/SDKs/MacOSX26.1.sdk -mmacosx-version-min=12.0 -std=gnu++17 -MD -MT CMakeFiles/cmTC_139ac.dir/src.cxx.o -MF CMakeFiles/cmTC_139ac.dir/src.cxx.o.d -o CMakeFiles/cmTC_139ac.dir/src.cxx.o -c /Users/zhoujf/TagLib/build-xcframework/x86_64/CMakeFiles/CMakeTmp/src.cxx
/Users/zhoujf/TagLib/build-xcframework/x86_64/CMakeFiles/CMakeTmp/src.cxx:4:5: error: use of undeclared identifier '_strdup'; did you mean 'strdup'?
    4 |     _strdup(0);
      |     ^~~~~~~
      |     strdup
/Applications/Xcode.app/Contents/Developer/Platforms/MacOSX.platform/Developer/SDKs/MacOSX26.1.sdk/usr/include/_string.h:141:21: note: 'strdup' declared here
  141 | char *_LIBC_CSTR    strdup(const char *__s1);
      |                     ^
1 error generated.
make[1]: *** [CMakeFiles/cmTC_139ac.dir/src.cxx.o] Error 1
make: *** [cmTC_139ac/fast] Error 2


Source file was:

  #include <cstring>
  int main() {
    _strdup(0);
    return 0;
  }

